<?xml version="1.0" encoding="utf-8"?>
<SamplesConfig version="1.0">
  <Config>
    <Camera>
      <Width>320</Width>
      <Height>240</Height>
      <Eye>
        <Vector>
          <X>0.0f</X>
          <Y>0.0f</Y>
          <Z>9.8f</Z>
        </Vector>
      </Eye>
      <Up>
        <Vector>
          <X>0.0f</X>
          <Y>1.0f</Y>
          <Z>0.0f</Z>
        </Vector>
      </Up>
      <Center>
        <Vector>
          <X>0.0f</X>
          <Y>0.0f</Y>
          <Z>-1.0f</Z>
        </Vector>
      </Center>
      <Near>0.1f</Near>
      <Far>12f</Far>
      <Fovx>57.82f</Fovx>
      <Fovy>45.0f</Fovy>
    </Camera>
    <InicializationFilePath>Initialization.html</InicializationFilePath>
  </Config>
  <SampleModels>
    <SampleModel>
      <Format>mdl</Format>
      <FileName>barney.mdl</FileName>
      <Name>barney</Name>
      <Description />
      <MeshSize>4</MeshSize>
      <VisibleMeshes>
        <VisibleMesh>0</VisibleMesh>
        <VisibleMesh>1</VisibleMesh>
        <VisibleMesh>2</VisibleMesh>
      </VisibleMeshes>
      <Transforms>
        <Transform>
          <Rotation>
            <Vector>
              <X>-90.0f</X>
              <Y>-90.0f</Y>
              <Z>0.0f</Z>
            </Vector>
          </Rotation>
          <Translation>
            <Vector>
              <X>0.0f</X>
              <Y>2.0f</Y>
              <Z>0.0f</Z>
            </Vector>
          </Translation>
        </Transform>
      </Transforms>
    </SampleModel>
    <SampleModel>
      <Format>mdl</Format>
      <FileName>Gina.mdl</FileName>
      <Name>Gina</Name>
      <Description />
      <MeshSize>4</MeshSize>
      <VisibleMeshes>
        <VisibleMesh>0</VisibleMesh>
      </VisibleMeshes>
      <Transforms>
        <Transform>
          <Rotation>
            <Vector>
              <X>-90.0f</X>
              <Y>-90.0f</Y>
              <Z>0.0f</Z>
            </Vector>
          </Rotation>
          <Translation>
            <Vector>
              <X>0.0f</X>
              <Y>2.0f</Y>
              <Z>0.0f</Z>
            </Vector>
          </Translation>
        </Transform>
      </Transforms>
    </SampleModel>
    <SampleModel>
      <Format>mdl</Format>
      <FileName>Gman.mdl</FileName>
      <Name>Gman</Name>
      <Description />
      <MeshSize>4</MeshSize>
      <VisibleMeshes>
        <VisibleMesh>0</VisibleMesh>
      </VisibleMeshes>
      <Transforms>
        <Transform>
          <Rotation>
            <Vector>
              <X>-90.0f</X>
              <Y>-90.0f</Y>
              <Z>0.0f</Z>
            </Vector>
          </Rotation>
          <Translation>
            <Vector>
              <X>0.0f</X>
              <Y>2.0f</Y>
              <Z>0.0f</Z>
            </Vector>
          </Translation>
        </Transform>
      </Transforms>
    </SampleModel>
    <SampleModel>
      <Format>mdl</Format>
      <FileName>gordon.mdl</FileName>
      <Name>gordon</Name>
      <Description />
      <MeshSize>4</MeshSize>
      <VisibleMeshes>
        <VisibleMesh>0</VisibleMesh>
      </VisibleMeshes>
      <Transforms>
        <Transform>
          <Rotation>
            <Vector>
              <X>-90.0f</X>
              <Y>-90.0f</Y>
              <Z>0.0f</Z>
            </Vector>
          </Rotation>
          <Translation>
            <Vector>
              <X>0.0f</X>
              <Y>2.0f</Y>
              <Z>0.0f</Z>
            </Vector>
          </Translation>
        </Transform>
      </Transforms>
    </SampleModel>
  </SampleModels>
</SamplesConfig>
